[debug] [2023-02-27T19:14:20.667Z] ----------------------------------------------------------------------
[debug] [2023-02-27T19:14:20.668Z] Command:       /usr/bin/node /usr/bin/firebase serve --only hosting
[debug] [2023-02-27T19:14:20.669Z] CLI Version:   11.24.0
[debug] [2023-02-27T19:14:20.669Z] Platform:      linux
[debug] [2023-02-27T19:14:20.669Z] Node Version:  v19.7.0
[debug] [2023-02-27T19:14:20.669Z] Time:          Mon Feb 27 2023 11:14:20 GMT-0800 (Pacific Standard Time)
[debug] [2023-02-27T19:14:20.669Z] ----------------------------------------------------------------------
[debug] 
[debug] [2023-02-27T19:14:20.723Z] > command requires scopes: ["email","openid","https://www.googleapis.com/auth/cloudplatformprojects.readonly","https://www.googleapis.com/auth/firebase","https://www.googleapis.com/auth/cloud-platform"]
[debug] [2023-02-27T19:14:20.723Z] > authorizing via signed-in user (scott.ti312@gmail.com)
[debug] [2023-02-27T19:14:20.723Z] [iam] checking project stickeravenue-43a99 for permissions ["firebase.projects.get"]
[debug] [2023-02-27T19:14:20.725Z] >>> [apiv2][query] POST https://cloudresourcemanager.googleapis.com/v1/projects/stickeravenue-43a99:testIamPermissions [none]
[debug] [2023-02-27T19:14:20.725Z] >>> [apiv2][(partial)header] POST https://cloudresourcemanager.googleapis.com/v1/projects/stickeravenue-43a99:testIamPermissions x-goog-quota-user=projects/stickeravenue-43a99
[debug] [2023-02-27T19:14:20.725Z] >>> [apiv2][body] POST https://cloudresourcemanager.googleapis.com/v1/projects/stickeravenue-43a99:testIamPermissions {"permissions":["firebase.projects.get"]}
[debug] [2023-02-27T19:14:20.924Z] <<< [apiv2][status] POST https://cloudresourcemanager.googleapis.com/v1/projects/stickeravenue-43a99:testIamPermissions 200
[debug] [2023-02-27T19:14:20.925Z] <<< [apiv2][body] POST https://cloudresourcemanager.googleapis.com/v1/projects/stickeravenue-43a99:testIamPermissions {"permissions":["firebase.projects.get"]}
[debug] [2023-02-27T19:14:20.925Z] >>> [apiv2][query] GET https://firebase.googleapis.com/v1beta1/projects/stickeravenue-43a99 [none]
[debug] [2023-02-27T19:14:21.174Z] <<< [apiv2][status] GET https://firebase.googleapis.com/v1beta1/projects/stickeravenue-43a99 200
[debug] [2023-02-27T19:14:21.174Z] <<< [apiv2][body] GET https://firebase.googleapis.com/v1beta1/projects/stickeravenue-43a99 {"projectId":"stickeravenue-43a99","projectNumber":"376973653571","displayName":"StickerAvenue","name":"projects/stickeravenue-43a99","resources":{"hostingSite":"stickeravenue-43a99"},"state":"ACTIVE","etag":"1_819efba2-6fe7-49b4-ab78-5e8698bb8cc3"}
[debug] [2023-02-27T19:14:21.180Z] >>> [apiv2][query] GET https://firebasehosting.googleapis.com/v1beta1/projects/stickeravenue-43a99/sites 
[debug] [2023-02-27T19:14:21.796Z] <<< [apiv2][status] GET https://firebasehosting.googleapis.com/v1beta1/projects/stickeravenue-43a99/sites 200
[debug] [2023-02-27T19:14:21.796Z] <<< [apiv2][body] GET https://firebasehosting.googleapis.com/v1beta1/projects/stickeravenue-43a99/sites {"sites":[{"name":"projects/stickeravenue-43a99/sites/sticker-avenue","defaultUrl":"https://sticker-avenue.web.app","appId":"1:376973653571:web:0b2398e3700e13192486f6","type":"USER_SITE"},{"name":"projects/stickeravenue-43a99/sites/stickeravenue-43a99","defaultUrl":"https://stickeravenue-43a99.web.app","type":"DEFAULT_SITE"}]}
[debug] [2023-02-27T19:14:21.797Z] >>> [apiv2][query] GET https://firebase.googleapis.com/v1beta1/projects/stickeravenue-43a99/webApps/-/config [none]
[debug] [2023-02-27T19:14:22.075Z] <<< [apiv2][status] GET https://firebase.googleapis.com/v1beta1/projects/stickeravenue-43a99/webApps/-/config 200
[debug] [2023-02-27T19:14:22.075Z] <<< [apiv2][body] GET https://firebase.googleapis.com/v1beta1/projects/stickeravenue-43a99/webApps/-/config {"projectId":"stickeravenue-43a99","appId":"1:376973653571:web:0b2398e3700e13192486f6","storageBucket":"stickeravenue-43a99.appspot.com","apiKey":"AIzaSyBXTmgrsWQ9tJleVVRB09oKujF6VBt_Vt4","authDomain":"stickeravenue-43a99.firebaseapp.com","messagingSenderId":"376973653571"}
[debug] [2023-02-27T19:14:22.083Z] >>> [apiv2][query] GET https://firebase.googleapis.com/v1beta1/projects/stickeravenue-43a99 [none]
[debug] [2023-02-27T19:14:22.283Z] <<< [apiv2][status] GET https://firebase.googleapis.com/v1beta1/projects/stickeravenue-43a99 200
[debug] [2023-02-27T19:14:22.284Z] <<< [apiv2][body] GET https://firebase.googleapis.com/v1beta1/projects/stickeravenue-43a99 {"projectId":"stickeravenue-43a99","projectNumber":"376973653571","displayName":"StickerAvenue","name":"projects/stickeravenue-43a99","resources":{"hostingSite":"stickeravenue-43a99"},"state":"ACTIVE","etag":"1_819efba2-6fe7-49b4-ab78-5e8698bb8cc3"}
[info] i  hosting[stickeravenue-43a99]: Serving hosting files from: public {"metadata":{"emulator":{"name":"hosting"},"message":"Serving hosting files from: \u001b[1mpublic\u001b[22m"}}
[info] ✔  hosting[stickeravenue-43a99]: Local server: http://localhost:5000 {"metadata":{"emulator":{"name":"hosting"},"message":"Local server: \u001b[4m\u001b[1mhttp://localhost:5000\u001b[22m\u001b[24m"}}
[info] i  hosting: ::1 - - [27/Feb/2023:19:14:23 +0000] "GET / HTTP/1.1" 200 - "-" "Mozilla/5.0 (X11; Linux x86_64; rv:109.0) Gecko/20100101 Firefox/110.0" {"metadata":{"emulator":{"name":"hosting"},"message":"::1 - - [27/Feb/2023:19:14:23 +0000] \"GET / HTTP/1.1\" 200 - \"-\" \"Mozilla/5.0 (X11; Linux x86_64; rv:109.0) Gecko/20100101 Firefox/110.0\""}}
[info] i  hosting: ::1 - - [27/Feb/2023:19:14:23 +0000] "GET /__/firebase/init.js?useEmulator=true HTTP/1.1" 200 - "http://localhost:5000/" "Mozilla/5.0 (X11; Linux x86_64; rv:109.0) Gecko/20100101 Firefox/110.0" {"metadata":{"emulator":{"name":"hosting"},"message":"::1 - - [27/Feb/2023:19:14:23 +0000] \"GET /__/firebase/init.js?useEmulator=true HTTP/1.1\" 200 - \"http://localhost:5000/\" \"Mozilla/5.0 (X11; Linux x86_64; rv:109.0) Gecko/20100101 Firefox/110.0\""}}
[info] i  hosting: ::1 - - [27/Feb/2023:19:14:25 +0000] "GET / HTTP/1.1" 200 - "-" "Mozilla/5.0 (X11; Linux x86_64; rv:109.0) Gecko/20100101 Firefox/110.0" {"metadata":{"emulator":{"name":"hosting"},"message":"::1 - - [27/Feb/2023:19:14:25 +0000] \"GET / HTTP/1.1\" 200 - \"-\" \"Mozilla/5.0 (X11; Linux x86_64; rv:109.0) Gecko/20100101 Firefox/110.0\""}}
[info] i  hosting: ::1 - - [27/Feb/2023:19:14:25 +0000] "GET /__/firebase/init.js?useEmulator=true HTTP/1.1" 200 - "http://localhost:5000/" "Mozilla/5.0 (X11; Linux x86_64; rv:109.0) Gecko/20100101 Firefox/110.0" {"metadata":{"emulator":{"name":"hosting"},"message":"::1 - - [27/Feb/2023:19:14:25 +0000] \"GET /__/firebase/init.js?useEmulator=true HTTP/1.1\" 200 - \"http://localhost:5000/\" \"Mozilla/5.0 (X11; Linux x86_64; rv:109.0) Gecko/20100101 Firefox/110.0\""}}
[info] i  hosting: ::1 - - [27/Feb/2023:19:14:32 +0000] "GET / HTTP/1.1" 200 - "-" "Mozilla/5.0 (X11; Linux x86_64; rv:109.0) Gecko/20100101 Firefox/110.0" {"metadata":{"emulator":{"name":"hosting"},"message":"::1 - - [27/Feb/2023:19:14:32 +0000] \"GET / HTTP/1.1\" 200 - \"-\" \"Mozilla/5.0 (X11; Linux x86_64; rv:109.0) Gecko/20100101 Firefox/110.0\""}}
[info] i  hosting: ::1 - - [27/Feb/2023:19:14:46 +0000] "GET / HTTP/1.1" 200 - "-" "Mozilla/5.0 (X11; Linux x86_64; rv:109.0) Gecko/20100101 Firefox/110.0" {"metadata":{"emulator":{"name":"hosting"},"message":"::1 - - [27/Feb/2023:19:14:46 +0000] \"GET / HTTP/1.1\" 200 - \"-\" \"Mozilla/5.0 (X11; Linux x86_64; rv:109.0) Gecko/20100101 Firefox/110.0\""}}
[info] i  hosting: ::1 - - [27/Feb/2023:19:14:50 +0000] "GET / HTTP/1.1" 200 - "-" "Mozilla/5.0 (X11; Linux x86_64; rv:109.0) Gecko/20100101 Firefox/110.0" {"metadata":{"emulator":{"name":"hosting"},"message":"::1 - - [27/Feb/2023:19:14:50 +0000] \"GET / HTTP/1.1\" 200 - \"-\" \"Mozilla/5.0 (X11; Linux x86_64; rv:109.0) Gecko/20100101 Firefox/110.0\""}}
[info] i  hosting: ::1 - - [27/Feb/2023:19:14:58 +0000] "GET / HTTP/1.1" 200 - "-" "Mozilla/5.0 (X11; Linux x86_64; rv:109.0) Gecko/20100101 Firefox/110.0" {"metadata":{"emulator":{"name":"hosting"},"message":"::1 - - [27/Feb/2023:19:14:58 +0000] \"GET / HTTP/1.1\" 200 - \"-\" \"Mozilla/5.0 (X11; Linux x86_64; rv:109.0) Gecko/20100101 Firefox/110.0\""}}
